0 info it worked if it ends with ok
1 verbose cli [ '/usr/bin/node', '/usr/bin/npm', 'run', 'watch' ]
2 info using npm@3.5.2
3 info using node@v8.10.0
4 verbose run-script [ 'prewatch', 'watch', 'postwatch' ]
5 info lifecycle latex-workshop@8.15.0~prewatch: latex-workshop@8.15.0
6 silly lifecycle latex-workshop@8.15.0~prewatch: no script for prewatch, continuing
7 info lifecycle latex-workshop@8.15.0~watch: latex-workshop@8.15.0
8 verbose lifecycle latex-workshop@8.15.0~watch: unsafe-perm in lifecycle true
9 verbose lifecycle latex-workshop@8.15.0~watch: PATH: /usr/share/npm/bin/node-gyp-bin:/home/matt/Downloads/LaTeX-workshop/node_modules/.bin:/home/matt/.elan/bin:/home/matt/.local/bin:/home/matt/bin:/home/matt/Downloads/google-cloud-sdk/bin:/home/matt/.elan/bin:/home/matt/.local/bin:/home/matt/bin:/usr/local/sbin:/usr/local/bin:/usr/sbin:/usr/bin:/sbin:/bin:/usr/games:/usr/local/games:/snap/bin
10 verbose lifecycle latex-workshop@8.15.0~watch: CWD: /home/matt/Downloads/LaTeX-workshop
11 silly lifecycle latex-workshop@8.15.0~watch: Args: [ '-c', 'run-p watch-src watch-viewer' ]
12 info lifecycle latex-workshop@8.15.0~watch: Failed to exec watch script
13 verbose stack Error: latex-workshop@8.15.0 watch: `run-p watch-src watch-viewer`
13 verbose stack spawn ENOENT
13 verbose stack     at ChildProcess.<anonymous> (/usr/share/npm/lib/utils/spawn.js:17:16)
13 verbose stack     at emitTwo (events.js:126:13)
13 verbose stack     at ChildProcess.emit (events.js:214:7)
13 verbose stack     at maybeClose (internal/child_process.js:925:16)
13 verbose stack     at Process.ChildProcess._handle.onexit (internal/child_process.js:209:5)
14 verbose pkgid latex-workshop@8.15.0
15 verbose cwd /home/matt/Downloads/LaTeX-workshop
16 error Linux 4.15.0-126-generic
17 error argv "/usr/bin/node" "/usr/bin/npm" "run" "watch"
18 error node v8.10.0
19 error npm  v3.5.2
20 error file sh
21 error code ELIFECYCLE
22 error errno ENOENT
23 error syscall spawn
24 error latex-workshop@8.15.0 watch: `run-p watch-src watch-viewer`
24 error spawn ENOENT
25 error Failed at the latex-workshop@8.15.0 watch script 'run-p watch-src watch-viewer'.
25 error Make sure you have the latest version of node.js and npm installed.
25 error If you do, this is most likely a problem with the latex-workshop package,
25 error not with npm itself.
25 error Tell the author that this fails on your system:
25 error     run-p watch-src watch-viewer
25 error You can get information on how to open an issue for this project with:
25 error     npm bugs latex-workshop
25 error Or if that isn't available, you can get their info via:
25 error     npm owner ls latex-workshop
25 error There is likely additional logging output above.
26 verbose exit [ 1, true ]
